2002.05.23 17:37 B C:\paul\Phd\crres\temp1\orb1043_1810_1843Zbdp.pdf --> alfven /users/public/fraser/paul orb1043_1810_1843Zbdp.pdf
2002.05.23 17:37 B C:\paul\Phd\crres\temp1\orb1043_1840_1913Zdp.pdf --> alfven /users/public/fraser/paul orb1043_1840_1913Zdp.pdf
2002.05.23 17:37 B C:\paul\Phd\crres\temp1\orb1051_0835_0900aZalldp.pdf --> alfven /users/public/fraser/paul orb1051_0835_0900aZalldp.pdf
2002.05.23 17:37 B C:\paul\Phd\crres\temp1\orb115_0730_0756aZalldp.pdf --> alfven /users/public/fraser/paul orb115_0730_0756aZalldp.pdf
2002.05.23 17:37 B C:\paul\Phd\crres\temp1\orb923_510_535Zdp.pdf --> alfven /users/public/fraser/paul orb923_510_535Zdp.pdf
2002.05.23 17:37 B C:\paul\Phd\crres\temp1\orb923_535_600Zdp.pdf --> alfven /users/public/fraser/paul orb923_535_600Zdp.pdf
2002.05.23 17:37 B C:\paul\Phd\crres\temp1\orb923_600_625Zdp.pdf --> alfven /users/public/fraser/paul orb923_600_625Zdp.pdf
2002.05.23 17:37 B C:\paul\Phd\crres\temp1\orb923_625_640Zdp.pdf --> alfven /users/public/fraser/paul orb923_625_640Zdp.pdf
2002.05.23 17:37 B C:\paul\Phd\crres\temp1\orb923_640_655Zdpall.pdf --> alfven /users/public/fraser/paul orb923_640_655Zdpall.pdf
2002.05.23 17:37 B C:\paul\Phd\crres\temp1\orb926_1130_1200Zdp.pdf --> alfven /users/public/fraser/paul orb926_1130_1200Zdp.pdf
2002.05.23 17:37 B C:\paul\Phd\crres\temp1\orb941Szdp.pdf --> alfven /users/public/fraser/paul orb941Szdp.pdf
2002.05.23 17:37 B C:\paul\Phd\crres\temp1\orb941Zall.pdf --> alfven /users/public/fraser/paul orb941Zall.pdf
2002.05.23 17:37 B C:\paul\Phd\crres\temp1\orb966_1900_1940Zdp2.pdf --> alfven /users/public/fraser/paul orb966_1900_1940Zdp2.pdf
2002.05.23 17:37 B C:\paul\Phd\crres\temp1\orb966_1940_2020Zdp.pdf --> alfven /users/public/fraser/paul orb966_1940_2020Zdp.pdf
2002.05.24 16:17 B C:\paul\Phd\crres\temp1\orb923_510_535BPC5.pdf <-- gilbert /users/paulm/plasma18backup/paul/Phd/crres/orbit923 orb923_510_535BPC5.pdf
2002.05.24 16:17 B C:\paul\Phd\crres\temp1\orb923_535_600dBdp.pdf <-- gilbert /users/paulm/plasma18backup/paul/Phd/crres/orbit923 orb923_535_600dBdp.pdf
2002.05.24 16:18 B C:\paul\Phd\crres\temp1\orb923_535_600dBPC5.ps <-- gilbert /users/paulm/plasma18backup/paul/Phd/crres/orbit923 orb923_535_600dBPC5.ps
2002.05.24 16:19 B C:\paul\Phd\crres\temp1\orb923_600_625dBPC5.ps <-- gilbert /users/paulm/plasma18backup/paul/Phd/crres/orbit923 orb923_600_625dBPC5.ps
2002.05.24 16:20 B C:\paul\Phd\crres\temp1\orb923_640_655BPC5.ps <-- gilbert /users/paulm/plasma18backup/paul/Phd/crres/orbit923 orb923_640_655BPC5.ps
2002.05.24 16:22 B C:\paul\Phd\crres\temp1\orb966_1900_1940BPC5.ps <-- gilbert /users/paulm/plasma18backup/paul/Phd/crres/orbit966 orb966_1900_1940BPC5.ps
2002.05.24 16:24 B C:\paul\Phd\crres\temp1\orb966_2020_2100Bmain_nonFA_nonfiltered.ps <-- gilbert /users/paulm/plasma18backup/paul/Phd/crres/orbit966 orb966_2020_2100Bmain_nonFA_nonfiltered.ps
2002.05.24 16:24 B C:\paul\Phd\crres\temp1\orb966_1940_2020Bmain_nonFA_nonfiltered.ps <-- gilbert /users/paulm/plasma18backup/paul/Phd/crres/orbit966 orb966_1940_2020Bmain_nonFA_nonfiltered.ps
2002.05.24 16:25 B C:\paul\Phd\crres\temp1\orb966_1940_2020Bmain.ps <-- gilbert /users/paulm/plasma18backup/paul/Phd/crres/orbit966 orb966_1940_2020Bmain.ps
2002.05.24 16:26 B C:\paul\Phd\crres\temp1\orb1043_1810_1843BPC5.ps <-- gilbert /users/paulm/plasma18backup/paul/Phd/crres/orbit1043 orb1043_1810_1843BPC5.ps
2002.05.24 16:29 B C:\paul\Phd\crres\temp1\orb1043_1840_1913BPC5.ps <-- gilbert /users/paulm/plasma18backup/paul/Phd/crres/orbit1043 orb1043_1840_1913BPC5.ps
2002.05.24 16:30 B C:\paul\Phd\crres\temp1\orb1051_0835_0900adBall.ps <-- gilbert /users/paulm/plasma18backup/paul/Phd/crres/results/orbits2/new_results orb1051_0835_0900adBall.ps
2002.05.24 16:31 B C:\paul\Phd\crres\temp1\orb926_1130_1200Pc5.ps <-- gilbert /users/paulm/plasma18backup/paul/Phd/crres/orbit926 orb926_1130_1200Pc5.ps
2002.05.24 16:32 B C:\paul\Phd\crres\temp1\orb926_1130_1200dBPC5.ps <-- gilbert /users/paulm/plasma18backup/paul/Phd/crres/orbit926 orb926_1130_1200dBPC5.ps
2002.05.24 16:34 B C:\paul\Phd\crres\temp1\orb1043_1810_1843BPC5.pdf --> alfven /users/public/fraser/paul2 orb1043_1810_1843BPC5.pdf
2002.05.24 16:34 B C:\paul\Phd\crres\temp1\orb1043_1840_1913BPC5.pdf --> alfven /users/public/fraser/paul2 orb1043_1840_1913BPC5.pdf
2002.05.24 16:34 B C:\paul\Phd\crres\temp1\orb923_510_535BPC5.pdf --> alfven /users/public/fraser/paul2 orb923_510_535BPC5.pdf
2002.05.24 16:34 B C:\paul\Phd\crres\temp1\orb923_535_600dBPC5.pdf --> alfven /users/public/fraser/paul2 orb923_535_600dBPC5.pdf
2002.05.24 16:34 B C:\paul\Phd\crres\temp1\orb923_600_625dBPC5.pdf --> alfven /users/public/fraser/paul2 orb923_600_625dBPC5.pdf
2002.05.24 16:34 B C:\paul\Phd\crres\temp1\orb923_640_655BPC5.pdf --> alfven /users/public/fraser/paul2 orb923_640_655BPC5.pdf
2002.05.24 16:34 B C:\paul\Phd\crres\temp1\orb926_1130_1200dBPC5.pdf --> alfven /users/public/fraser/paul2 orb926_1130_1200dBPC5.pdf
2002.05.24 16:34 B C:\paul\Phd\crres\temp1\orb966_1900_1940BPC5.pdf --> alfven /users/public/fraser/paul2 orb966_1900_1940BPC5.pdf
2002.05.24 18:47 B C:\paul\Phd\crres\temp1\orb1043_1810_1843BPC5.ps --> alfven /users/public/fraser/paul3 orb1043_1810_1843BPC5.ps
2002.05.24 18:47 B C:\paul\Phd\crres\temp1\orb1043_1810_1843Zbdp.ps --> alfven /users/public/fraser/paul3 orb1043_1810_1843Zbdp.ps
2002.05.24 18:47 B C:\paul\Phd\crres\temp1\orb1043_1840_1913BPC5.ps --> alfven /users/public/fraser/paul3 orb1043_1840_1913BPC5.ps
2002.05.24 18:47 B C:\paul\Phd\crres\temp1\orb1051_0835_0900aZalldp.ps --> alfven /users/public/fraser/paul3 orb1051_0835_0900aZalldp.ps
2002.05.24 18:47 B C:\paul\Phd\crres\temp1\orb115_0730_0756aZalldp.ps --> alfven /users/public/fraser/paul3 orb115_0730_0756aZalldp.ps
2002.05.24 18:47 B C:\paul\Phd\crres\temp1\orb923_510_535BPC5.ps --> alfven /users/public/fraser/paul3 orb923_510_535BPC5.ps
2002.05.24 18:47 B C:\paul\Phd\crres\temp1\orb923_510_535Zdp.ps --> alfven /users/public/fraser/paul3 orb923_510_535Zdp.ps
2002.05.24 18:47 B C:\paul\Phd\crres\temp1\orb923_535_600dBPC5.ps --> alfven /users/public/fraser/paul3 orb923_535_600dBPC5.ps
2002.05.24 18:47 B C:\paul\Phd\crres\temp1\orb923_535_600Zdp.ps --> alfven /users/public/fraser/paul3 orb923_535_600Zdp.ps
2002.05.24 18:47 B C:\paul\Phd\crres\temp1\orb923_600_625dBPC5.ps --> alfven /users/public/fraser/paul3 orb923_600_625dBPC5.ps
2002.05.24 18:47 B C:\paul\Phd\crres\temp1\orb923_600_625Zdp.ps --> alfven /users/public/fraser/paul3 orb923_600_625Zdp.ps
2002.05.24 18:47 B C:\paul\Phd\crres\temp1\orb923_625_640Zdp.ps --> alfven /users/public/fraser/paul3 orb923_625_640Zdp.ps
2002.05.24 18:47 B C:\paul\Phd\crres\temp1\orb923_640_655BPC5.ps --> alfven /users/public/fraser/paul3 orb923_640_655BPC5.ps
2002.05.24 18:47 B C:\paul\Phd\crres\temp1\orb923_640_655Zdpall.ps --> alfven /users/public/fraser/paul3 orb923_640_655Zdpall.ps
2002.05.24 18:47 B C:\paul\Phd\crres\temp1\orb926_1130_1200dBPC5.ps --> alfven /users/public/fraser/paul3 orb926_1130_1200dBPC5.ps
2002.05.24 18:47 B C:\paul\Phd\crres\temp1\orb926_1130_1200Zdp.ps --> alfven /users/public/fraser/paul3 orb926_1130_1200Zdp.ps
2002.05.24 18:47 B C:\paul\Phd\crres\temp1\orb966_1900_1940BPC5.ps --> alfven /users/public/fraser/paul3 orb966_1900_1940BPC5.ps
2002.05.24 18:47 B C:\paul\Phd\crres\temp1\orb966_1900_1940Zdp2.ps --> alfven /users/public/fraser/paul3 orb966_1900_1940Zdp2.ps
2002.05.24 18:47 B C:\paul\Phd\crres\temp1\orb966_1940_2020Zdp.ps --> alfven /users/public/fraser/paul3 orb966_1940_2020Zdp.ps
2002.05.24 18:47 B C:\paul\Phd\crres\temp1\orb1043_1840_1913Zdp.ps --> alfven /users/public/fraser/paul3 orb1043_1840_1913Zdp.ps
