101.10.11 21:22 B c:\paul\Phd\crres\Crres_database\Crres_eph_results_excel.xls --> alfven.newcastle.edu.au /users/paulm/thesis/Crres_database Crres_eph_results_excel.xls
101.10.11 21:22 B c:\paul\Phd\crres\Crres_database\Crres_poynting_excel.xls --> alfven.newcastle.edu.au /users/paulm/thesis/Crres_database Crres_poynting_excel.xls
101.10.11 21:22 B c:\paul\Phd\crres\Crres_database\Crres_eph_results_excel.xls --> gilbert.newcastle.edu.au /users/paulm/crres3/Crres_database Crres_eph_results_excel.xls
101.10.11 21:22 B c:\paul\Phd\crres\Crres_database\Crres_poynting_excel.xls --> gilbert.newcastle.edu.au /users/paulm/crres3/Crres_database Crres_poynting_excel.xls
101.10.11 21:22 B c:\paul\Phd\crres\Crres_database\WS_FTP.LOG --> gilbert.newcastle.edu.au /users/paulm/crres3/Crres_database WS_FTP.LOG
101.11.14 17:46 B c:\paul\Phd\crres\Crres_database\Crres_eph_results_excel.xls --> gilbert.newcastle.edu.au /users/paulm/crres2/Crres_database Crres_eph_results_excel.xls
101.11.14 17:46 B c:\paul\Phd\crres\Crres_database\Crres_poynting_excel.xls --> gilbert.newcastle.edu.au /users/paulm/crres2/Crres_database Crres_poynting_excel.xls
101.11.14 17:46 B c:\paul\Phd\crres\Crres_database\Crres_poynting_excel2.xls --> gilbert.newcastle.edu.au /users/paulm/crres2/Crres_database Crres_poynting_excel2.xls
101.11.14 17:46 B c:\paul\Phd\crres\Crres_database\WS_FTP.LOG --> gilbert.newcastle.edu.au /users/paulm/crres2/Crres_database WS_FTP.LOG
101.11.15 17:04 B c:\paul\phd\crres\Crres_database\Crres_eph_results_excel.xls --> gilbert.newcastle.edu.au /users/paulm/crres3/Crres_database Crres_eph_results_excel.xls
101.11.15 17:04 B c:\paul\phd\crres\Crres_database\Crres_poynting_excel.xls --> gilbert.newcastle.edu.au /users/paulm/crres3/Crres_database Crres_poynting_excel.xls
101.11.15 17:04 B c:\paul\phd\crres\Crres_database\Crres_poynting_excel2.xls --> gilbert.newcastle.edu.au /users/paulm/crres3/Crres_database Crres_poynting_excel2.xls
101.11.19 20:00 B c:\paul\Phd\crres\Crres_database\Crres_eph_results_excel.xls --> gilbert.newcastle.edu.au /users/paulm/crres2/Crres_database Crres_eph_results_excel.xls
101.11.19 20:00 B c:\paul\Phd\crres\Crres_database\Crres_poynting_excel.xls --> gilbert.newcastle.edu.au /users/paulm/crres2/Crres_database Crres_poynting_excel.xls
101.11.19 20:00 B c:\paul\Phd\crres\Crres_database\Crres_poynting_excel2.xls --> gilbert.newcastle.edu.au /users/paulm/crres2/Crres_database Crres_poynting_excel2.xls
101.11.19 20:00 B c:\paul\Phd\crres\Crres_database\WS_FTP.LOG --> gilbert.newcastle.edu.au /users/paulm/crres2/Crres_database WS_FTP.LOG
101.11.20 18:58 B c:\paul\phd\crres\Crres_database\Crres_eph_results_excel.xls --> gilbert.newcastle.edu.au /users/paulm/crres2/Crres_database Crres_eph_results_excel.xls
101.11.20 18:58 B c:\paul\phd\crres\Crres_database\Crres_poynting_excel.xls --> gilbert.newcastle.edu.au /users/paulm/crres2/Crres_database Crres_poynting_excel.xls
101.11.20 18:58 B c:\paul\phd\crres\Crres_database\Crres_poynting_excel2.xls --> gilbert.newcastle.edu.au /users/paulm/crres2/Crres_database Crres_poynting_excel2.xls
101.11.25 19:47 B c:\paul\Phd\crres\Crres_database\Crres_eph_results_excel.xls --> gilbert.newcastle.edu.au /users/paulm/crres2/Crres_database Crres_eph_results_excel.xls
101.11.25 19:47 B c:\paul\Phd\crres\Crres_database\Crres_poynting_excel.xls --> gilbert.newcastle.edu.au /users/paulm/crres2/Crres_database Crres_poynting_excel.xls
101.11.25 19:47 B c:\paul\Phd\crres\Crres_database\Crres_poynting_excel2.xls --> gilbert.newcastle.edu.au /users/paulm/crres2/Crres_database Crres_poynting_excel2.xls
101.11.25 19:47 B c:\paul\Phd\crres\Crres_database\WS_FTP.LOG --> gilbert.newcastle.edu.au /users/paulm/crres2/Crres_database WS_FTP.LOG
101.11.29 15:05 B C:\paul\Phd\crres\Crres_database\compare_data_eph.xls --> gilbert.newcastle.edu.au /users/paulm/crres2/Crres_database compare_data_eph.xls
101.11.29 15:05 B C:\paul\Phd\crres\Crres_database\cross_plot_data.xls --> gilbert.newcastle.edu.au /users/paulm/crres2/Crres_database cross_plot_data.xls
101.11.29 15:05 B C:\paul\Phd\crres\Crres_database\cross_plot_data2.xls --> gilbert.newcastle.edu.au /users/paulm/crres2/Crres_database cross_plot_data2.xls
101.11.29 15:05 B C:\paul\Phd\crres\Crres_database\Crres_eph_results_excel.xls --> gilbert.newcastle.edu.au /users/paulm/crres2/Crres_database Crres_eph_results_excel.xls
101.11.29 15:05 B C:\paul\Phd\crres\Crres_database\Crres_poynting_excel.xls --> gilbert.newcastle.edu.au /users/paulm/crres2/Crres_database Crres_poynting_excel.xls
101.11.29 15:05 B C:\paul\Phd\crres\Crres_database\Crres_poynting_excel2.xls --> gilbert.newcastle.edu.au /users/paulm/crres2/Crres_database Crres_poynting_excel2.xls
101.11.29 15:05 B C:\paul\Phd\crres\Crres_database\WS_FTP.LOG --> gilbert.newcastle.edu.au /users/paulm/crres2/Crres_database WS_FTP.LOG
102.02.27 13:58 B G:\paul\Phd\crres\Crres_database\compare_data_eph.xls --> alfven.newcastle.edu.au /alfven1/users1/paul/data2/new_results compare_data_eph.xls
102.05.20 13:23 B G:\paul\Phd\crres\Crres_database\compare_data_eph.xls --> gilbert.newcastle.edu.au /users/paulm/plasma18backup/paul/Phd/crres/Crres_database compare_data_eph.xls
102.05.20 13:23 B G:\paul\Phd\crres\Crres_database\cross_plot_data.xls --> gilbert.newcastle.edu.au /users/paulm/plasma18backup/paul/Phd/crres/Crres_database cross_plot_data.xls
102.05.20 13:23 B G:\paul\Phd\crres\Crres_database\cross_plot_data2.xls --> gilbert.newcastle.edu.au /users/paulm/plasma18backup/paul/Phd/crres/Crres_database cross_plot_data2.xls
102.05.20 13:23 B G:\paul\Phd\crres\Crres_database\Crres_eph_results_excel.xls --> gilbert.newcastle.edu.au /users/paulm/plasma18backup/paul/Phd/crres/Crres_database Crres_eph_results_excel.xls
102.05.20 13:23 B G:\paul\Phd\crres\Crres_database\Crres_poynting_excel.xls --> gilbert.newcastle.edu.au /users/paulm/plasma18backup/paul/Phd/crres/Crres_database Crres_poynting_excel.xls
102.05.20 13:23 B G:\paul\Phd\crres\Crres_database\Crres_poynting_excel2.xls --> gilbert.newcastle.edu.au /users/paulm/plasma18backup/paul/Phd/crres/Crres_database Crres_poynting_excel2.xls
2002.05.20 15:40 B C:\paul\Phd\crres\Crres_database\WS_FTP.LOG <-- gilbert /users/paulm/plasma18backup/paul/Phd/crres/Crres_database WS_FTP.LOG
2002.06.24 17:36 B C:\paul\Phd\crres\Crres_database\BWPperiod1.xls --> alfven /users/paulm/crres/Crres_database BWPperiod1.xls
2002.06.24 17:36 B C:\paul\Phd\crres\Crres_database\compare_data_eph.xls --> alfven /users/paulm/crres/Crres_database compare_data_eph.xls
2002.06.24 17:36 B C:\paul\Phd\crres\Crres_database\cross_plot_data.xls --> alfven /users/paulm/crres/Crres_database cross_plot_data.xls
2002.06.24 17:36 B C:\paul\Phd\crres\Crres_database\cross_plot_data2.xls --> alfven /users/paulm/crres/Crres_database cross_plot_data2.xls
2002.06.24 17:36 B C:\paul\Phd\crres\Crres_database\Crres_eph_results_excel.xls --> alfven /users/paulm/crres/Crres_database Crres_eph_results_excel.xls
2002.06.24 17:36 B C:\paul\Phd\crres\Crres_database\Crres_poynting_excel.xls --> alfven /users/paulm/crres/Crres_database Crres_poynting_excel.xls
2002.06.24 17:36 B C:\paul\Phd\crres\Crres_database\Crres_poynting_excel2.xls --> alfven /users/paulm/crres/Crres_database Crres_poynting_excel2.xls
2002.06.24 17:36 B C:\paul\Phd\crres\Crres_database\Crres_poynting_excel3.xls --> alfven /users/paulm/crres/Crres_database Crres_poynting_excel3.xls
2002.06.24 17:36 B C:\paul\Phd\crres\Crres_database\Crres_poynting_excel3b.xls --> alfven /users/paulm/crres/Crres_database Crres_poynting_excel3b.xls
2002.06.24 17:36 B C:\paul\Phd\crres\Crres_database\Crres_poynting_excel4.xls --> alfven /users/paulm/crres/Crres_database Crres_poynting_excel4.xls
2002.06.24 17:36 B C:\paul\Phd\crres\Crres_database\WS_FTP.LOG --> alfven /users/paulm/crres/Crres_database WS_FTP.LOG
2002.07.02 19:34 B C:\paul\Phd\crres\Crres_database\Crres_poynting_excel3b.xls --> gilbert /users/paulm/crres2/Crres_database Crres_poynting_excel3b.xls
2002.07.02 19:34 B C:\paul\Phd\crres\Crres_database\Crres_poynting_excel3d.xls --> gilbert /users/paulm/crres2/Crres_database Crres_poynting_excel3d.xls
2002.07.18 18:38 B C:\paul\Phd\crres\Crres_database\BWPperiod1.xls --> alfven /users/paulm/crres/Crres_database BWPperiod1.xls
2002.07.18 18:40 B C:\paul\Phd\crres\Crres_database\BWPperiod1.xls --> gilbert /users/paulm/crres3/Crres_database BWPperiod1.xls
2002.07.18 18:40 B C:\paul\Phd\crres\Crres_database\compare_data_eph.xls --> gilbert /users/paulm/crres3/Crres_database compare_data_eph.xls
2002.07.18 18:40 B C:\paul\Phd\crres\Crres_database\cross_plot_data.xls --> gilbert /users/paulm/crres3/Crres_database cross_plot_data.xls
2002.07.18 18:40 B C:\paul\Phd\crres\Crres_database\cross_plot_data2.xls --> gilbert /users/paulm/crres3/Crres_database cross_plot_data2.xls
2002.07.18 18:40 B C:\paul\Phd\crres\Crres_database\Crres_eph_results_excel.xls --> gilbert /users/paulm/crres3/Crres_database Crres_eph_results_excel.xls
2002.07.18 18:40 B C:\paul\Phd\crres\Crres_database\Crres_poynting_excel.xls --> gilbert /users/paulm/crres3/Crres_database Crres_poynting_excel.xls
2002.07.18 18:40 B C:\paul\Phd\crres\Crres_database\Crres_poynting_excel2.xls --> gilbert /users/paulm/crres3/Crres_database Crres_poynting_excel2.xls
2002.07.18 18:40 B C:\paul\Phd\crres\Crres_database\Crres_poynting_excel3.xls --> gilbert /users/paulm/crres3/Crres_database Crres_poynting_excel3.xls
2002.07.18 18:40 B C:\paul\Phd\crres\Crres_database\Crres_poynting_excel3b.xls --> gilbert /users/paulm/crres3/Crres_database Crres_poynting_excel3b.xls
2002.07.18 18:40 B C:\paul\Phd\crres\Crres_database\Crres_poynting_excel3b2.xls --> gilbert /users/paulm/crres3/Crres_database Crres_poynting_excel3b2.xls
2002.07.18 18:40 B C:\paul\Phd\crres\Crres_database\Crres_poynting_excel3d.xls --> gilbert /users/paulm/crres3/Crres_database Crres_poynting_excel3d.xls
2002.07.18 18:40 B C:\paul\Phd\crres\Crres_database\Crres_poynting_excel4.xls --> gilbert /users/paulm/crres3/Crres_database Crres_poynting_excel4.xls
2002.07.18 18:40 B C:\paul\Phd\crres\Crres_database\WS_FTP.LOG --> gilbert /users/paulm/crres3/Crres_database WS_FTP.LOG
2002.07.19 17:56 B C:\paul\Phd\crres\Crres_database\Crres_poynting_excel3b.xls --> gilbert /users/paulm/crres3/Crres_database Crres_poynting_excel3b.xls
2002.07.25 16:13 B C:\paul\Phd\crres\Crres_database\all_Lshells.xls --> alfven /users/paulm/crres/Crres_database all_Lshells.xls
2002.07.25 16:13 B C:\paul\Phd\crres\Crres_database\all_mlats.xls --> alfven /users/paulm/crres/Crres_database all_mlats.xls
2002.07.25 16:13 B C:\paul\Phd\crres\Crres_database\compare_data_eph.xls --> alfven /users/paulm/crres/Crres_database compare_data_eph.xls
2002.07.25 16:13 B C:\paul\Phd\crres\Crres_database\cross_plot_data.xls --> alfven /users/paulm/crres/Crres_database cross_plot_data.xls
2002.07.25 16:13 B C:\paul\Phd\crres\Crres_database\cross_plot_data2.xls --> alfven /users/paulm/crres/Crres_database cross_plot_data2.xls
2002.07.25 16:13 B C:\paul\Phd\crres\Crres_database\Crres_eph_results_excel.xls --> alfven /users/paulm/crres/Crres_database Crres_eph_results_excel.xls
2002.07.25 16:13 B C:\paul\Phd\crres\Crres_database\Crres_poynting_excel.xls --> alfven /users/paulm/crres/Crres_database Crres_poynting_excel.xls
2002.07.25 16:13 B C:\paul\Phd\crres\Crres_database\Crres_poynting_excel2.xls --> alfven /users/paulm/crres/Crres_database Crres_poynting_excel2.xls
2002.07.25 16:13 B C:\paul\Phd\crres\Crres_database\Crres_poynting_excel3.xls --> alfven /users/paulm/crres/Crres_database Crres_poynting_excel3.xls
2002.07.25 16:13 B C:\paul\Phd\crres\Crres_database\Crres_poynting_excel3b.xls --> alfven /users/paulm/crres/Crres_database Crres_poynting_excel3b.xls
2002.07.25 16:13 B C:\paul\Phd\crres\Crres_database\Crres_poynting_excel3b2.xls --> alfven /users/paulm/crres/Crres_database Crres_poynting_excel3b2.xls
2002.07.25 16:13 B C:\paul\Phd\crres\Crres_database\Crres_poynting_excel3b_23July2002.xls --> alfven /users/paulm/crres/Crres_database Crres_poynting_excel3b_23July2002.xls
2002.07.25 16:13 B C:\paul\Phd\crres\Crres_database\Crres_poynting_excel3d.xls --> alfven /users/paulm/crres/Crres_database Crres_poynting_excel3d.xls
2002.07.25 16:13 B C:\paul\Phd\crres\Crres_database\Crres_poynting_excel4.xls --> alfven /users/paulm/crres/Crres_database Crres_poynting_excel4.xls
2002.07.25 16:13 B C:\paul\Phd\crres\Crres_database\merged_Son_Paul.xls --> alfven /users/paulm/crres/Crres_database merged_Son_Paul.xls
2002.07.25 16:13 B C:\paul\Phd\crres\Crres_database\WS_FTP.LOG --> alfven /users/paulm/crres/Crres_database WS_FTP.LOG
2002.07.28 19:19 B C:\paul\Phd\crres\Crres_database\Crres_poynting_excel3b.xls --> alfven /users/paulm/crres/Crres_database Crres_poynting_excel3b.xls
2002.07.30 19:44 B C:\paul\Phd\crres\Crres_database\Crres_poynting_excel3b.xls --> alfven /users/paulm/crres/Crres_database Crres_poynting_excel3b.xls
2002.08.04 17:48 B C:\paul\Phd\crres\Crres_database\all_Lshells.xls --> gilbert /users/paulm/plasma2backup/Crres_database all_Lshells.xls
2002.08.04 17:48 B C:\paul\Phd\crres\Crres_database\all_mlats.xls --> gilbert /users/paulm/plasma2backup/Crres_database all_mlats.xls
2002.08.04 17:48 B C:\paul\Phd\crres\Crres_database\BWPperiod1.xls --> gilbert /users/paulm/plasma2backup/Crres_database BWPperiod1.xls
2002.08.04 17:48 B C:\paul\Phd\crres\Crres_database\compare_data_eph.xls --> gilbert /users/paulm/plasma2backup/Crres_database compare_data_eph.xls
2002.08.04 17:48 B C:\paul\Phd\crres\Crres_database\cross_plot_data.xls --> gilbert /users/paulm/plasma2backup/Crres_database cross_plot_data.xls
2002.08.04 17:48 B C:\paul\Phd\crres\Crres_database\cross_plot_data2.xls --> gilbert /users/paulm/plasma2backup/Crres_database cross_plot_data2.xls
2002.08.04 17:48 B C:\paul\Phd\crres\Crres_database\Crres_eph_results_excel.xls --> gilbert /users/paulm/plasma2backup/Crres_database Crres_eph_results_excel.xls
2002.08.04 17:48 B C:\paul\Phd\crres\Crres_database\Crres_poynting_excel.xls --> gilbert /users/paulm/plasma2backup/Crres_database Crres_poynting_excel.xls
2002.08.04 17:48 B C:\paul\Phd\crres\Crres_database\Crres_poynting_excel2.xls --> gilbert /users/paulm/plasma2backup/Crres_database Crres_poynting_excel2.xls
2002.08.04 17:48 B C:\paul\Phd\crres\Crres_database\Crres_poynting_excel3.xls --> gilbert /users/paulm/plasma2backup/Crres_database Crres_poynting_excel3.xls
2002.08.04 17:48 B C:\paul\Phd\crres\Crres_database\Crres_poynting_excel3b.xls --> gilbert /users/paulm/plasma2backup/Crres_database Crres_poynting_excel3b.xls
2002.08.04 17:48 B C:\paul\Phd\crres\Crres_database\Crres_poynting_excel3b2.xls --> gilbert /users/paulm/plasma2backup/Crres_database Crres_poynting_excel3b2.xls
2002.08.04 17:48 B C:\paul\Phd\crres\Crres_database\Crres_poynting_excel3b_23July2002.xls --> gilbert /users/paulm/plasma2backup/Crres_database Crres_poynting_excel3b_23July2002.xls
2002.08.04 17:48 B C:\paul\Phd\crres\Crres_database\Crres_poynting_excel3b_Pc5B.xls --> gilbert /users/paulm/plasma2backup/Crres_database Crres_poynting_excel3b_Pc5B.xls
2002.08.04 17:48 B C:\paul\Phd\crres\Crres_database\Crres_poynting_excel3d.xls --> gilbert /users/paulm/plasma2backup/Crres_database Crres_poynting_excel3d.xls
2002.08.04 17:48 B C:\paul\Phd\crres\Crres_database\Crres_poynting_excel4.xls --> gilbert /users/paulm/plasma2backup/Crres_database Crres_poynting_excel4.xls
2002.08.04 17:48 B C:\paul\Phd\crres\Crres_database\merged_Son_Paul.xls --> gilbert /users/paulm/plasma2backup/Crres_database merged_Son_Paul.xls
2002.08.04 17:48 B C:\paul\Phd\crres\Crres_database\WS_FTP.LOG --> gilbert /users/paulm/plasma2backup/Crres_database WS_FTP.LOG
2002.08.07 01:20 B C:\paul\Phd\crres\Crres_database\Crres_poynting_excel3b.xls --> alfven /users/paulm/crres/Crres_database Crres_poynting_excel3b.xls
2002.08.08 16:22 B C:\paul\Phd\crres\Crres_database\Crres_poynting_excel3b.xls --> alfven /users/paulm/crres/Crres_database Crres_poynting_excel3b.xls
2002.08.11 08:15 B C:\paul\Phd\crres\Crres_database\Crres_poynting_excel3b.xls --> alfven /users/paulm/crres/Crres_database Crres_poynting_excel3b.xls
2002.08.12 00:01 B C:\paul\Phd\crres\Crres_database\Crres_poynting_excel3b.xls --> alfven /users/paulm/crres/Crres_database Crres_poynting_excel3b.xls
2002.08.12 00:01 B C:\paul\Phd\crres\Crres_database\Crres_poynting_excel3c.xls --> alfven /users/paulm/crres/Crres_database Crres_poynting_excel3c.xls
2002.08.14 22:32 B C:\paul\Phd\crres\Crres_database\Crres_poynting_excel3b.xls --> alfven /users/paulm/crres/Crres_database Crres_poynting_excel3b.xls
2002.08.16 01:21 B C:\paul\Phd\crres\Crres_database\Crres_poynting_excel3b.xls --> alfven /users/paulm/crres/Crres_database Crres_poynting_excel3b.xls
2002.08.16 01:21 B C:\paul\Phd\crres\Crres_database\Crres_poynting_excel3b.xls --> gilbert /users/paulm/crres2/Crres_database Crres_poynting_excel3b.xls
2002.08.17 20:43 B C:\paul\Phd\crres\Crres_database\Crres_poynting_excel3b.xls --> alfven /users/paulm/crres/Crres_database Crres_poynting_excel3b.xls
2002.08.17 20:55 B C:\paul\Phd\crres\Crres_database\all_Lshells.xls --> alfven /users/paulm/crres/Crres_database all_Lshells.xls
2002.08.17 20:55 B C:\paul\Phd\crres\Crres_database\all_mlats.xls --> alfven /users/paulm/crres/Crres_database all_mlats.xls
2002.08.17 20:55 B C:\paul\Phd\crres\Crres_database\cross_plot_data.xls --> alfven /users/paulm/crres/Crres_database cross_plot_data.xls
2002.08.17 20:55 B C:\paul\Phd\crres\Crres_database\Crres_poynting_excel3b.xls --> alfven /users/paulm/crres/Crres_database Crres_poynting_excel3b.xls
2002.08.17 20:55 B C:\paul\Phd\crres\Crres_database\Crres_poynting_excel3b_23July2002.xls --> alfven /users/paulm/crres/Crres_database Crres_poynting_excel3b_23July2002.xls
2002.08.17 20:55 B C:\paul\Phd\crres\Crres_database\Crres_poynting_excel3b_Pc5B.xls --> alfven /users/paulm/crres/Crres_database Crres_poynting_excel3b_Pc5B.xls
2002.08.17 20:55 B C:\paul\Phd\crres\Crres_database\Crres_poynting_excel3c.xls --> alfven /users/paulm/crres/Crres_database Crres_poynting_excel3c.xls
2002.08.17 20:55 B C:\paul\Phd\crres\Crres_database\merged_Son_Paul.xls --> alfven /users/paulm/crres/Crres_database merged_Son_Paul.xls
2002.08.17 20:55 B C:\paul\Phd\crres\Crres_database\WS_FTP.LOG --> alfven /users/paulm/crres/Crres_database WS_FTP.LOG
2002.08.18 18:32 B C:\paul\Phd\crres\Crres_database\Crres_poynting_excel3b.xls --> alfven /users/paulm/crres/Crres_database Crres_poynting_excel3b.xls
2002.08.18 20:47 B C:\paul\Phd\crres\Crres_database\Crres_poynting_excel3b.xls --> alfven /users/paulm/crres/Crres_database Crres_poynting_excel3b.xls
2002.08.18 20:47 B C:\paul\Phd\crres\Crres_database\Crres_poynting_excel3_final.xls --> alfven /users/paulm/crres/Crres_database Crres_poynting_excel3_final.xls
2002.08.19 15:32 B C:\paul\Phd\crres\Crres_database\all_Lshells.xls --> gilbert /users/paulm/crres3/Crres_database all_Lshells.xls
2002.08.19 15:32 B C:\paul\Phd\crres\Crres_database\all_mlats.xls --> gilbert /users/paulm/crres3/Crres_database all_mlats.xls
2002.08.19 15:32 B C:\paul\Phd\crres\Crres_database\cross_plot_data.xls --> gilbert /users/paulm/crres3/Crres_database cross_plot_data.xls
2002.08.19 15:32 B C:\paul\Phd\crres\Crres_database\Crres_poynting_excel3_final.xls --> gilbert /users/paulm/crres3/Crres_database Crres_poynting_excel3_final.xls
2002.08.19 15:32 B C:\paul\Phd\crres\Crres_database\Crres_poynting_excel3b.xls --> gilbert /users/paulm/crres3/Crres_database Crres_poynting_excel3b.xls
2002.08.19 15:32 B C:\paul\Phd\crres\Crres_database\Crres_poynting_excel3b_23July2002.xls --> gilbert /users/paulm/crres3/Crres_database Crres_poynting_excel3b_23July2002.xls
2002.08.19 15:32 B C:\paul\Phd\crres\Crres_database\Crres_poynting_excel3b_Pc5B.xls --> gilbert /users/paulm/crres3/Crres_database Crres_poynting_excel3b_Pc5B.xls
2002.08.19 15:32 B C:\paul\Phd\crres\Crres_database\Crres_poynting_excel3c.xls --> gilbert /users/paulm/crres3/Crres_database Crres_poynting_excel3c.xls
2002.08.19 15:32 B C:\paul\Phd\crres\Crres_database\merged_Son_Paul.xls --> gilbert /users/paulm/crres3/Crres_database merged_Son_Paul.xls
2002.08.19 15:32 B C:\paul\Phd\crres\Crres_database\WS_FTP.LOG --> gilbert /users/paulm/crres3/Crres_database WS_FTP.LOG
2002.08.19 15:33 B C:\paul\Phd\crres\Crres_database\all_Lshells.xls --> gilbert /users/paulm/crres2/Crres_database all_Lshells.xls
2002.08.19 15:33 B C:\paul\Phd\crres\Crres_database\all_mlats.xls --> gilbert /users/paulm/crres2/Crres_database all_mlats.xls
2002.08.19 15:33 B C:\paul\Phd\crres\Crres_database\BWPperiod1.xls --> gilbert /users/paulm/crres2/Crres_database BWPperiod1.xls
2002.08.19 15:33 B C:\paul\Phd\crres\Crres_database\compare_data_eph.xls --> gilbert /users/paulm/crres2/Crres_database compare_data_eph.xls
2002.08.19 15:33 B C:\paul\Phd\crres\Crres_database\cross_plot_data.xls --> gilbert /users/paulm/crres2/Crres_database cross_plot_data.xls
2002.08.19 15:33 B C:\paul\Phd\crres\Crres_database\cross_plot_data2.xls --> gilbert /users/paulm/crres2/Crres_database cross_plot_data2.xls
2002.08.19 15:33 B C:\paul\Phd\crres\Crres_database\Crres_eph_results_excel.xls --> gilbert /users/paulm/crres2/Crres_database Crres_eph_results_excel.xls
2002.08.19 15:33 B C:\paul\Phd\crres\Crres_database\Crres_poynting_excel.xls --> gilbert /users/paulm/crres2/Crres_database Crres_poynting_excel.xls
2002.08.19 15:33 B C:\paul\Phd\crres\Crres_database\Crres_poynting_excel2.xls --> gilbert /users/paulm/crres2/Crres_database Crres_poynting_excel2.xls
2002.08.19 15:33 B C:\paul\Phd\crres\Crres_database\Crres_poynting_excel3.xls --> gilbert /users/paulm/crres2/Crres_database Crres_poynting_excel3.xls
2002.08.19 15:33 B C:\paul\Phd\crres\Crres_database\Crres_poynting_excel3_final.xls --> gilbert /users/paulm/crres2/Crres_database Crres_poynting_excel3_final.xls
2002.08.19 15:33 B C:\paul\Phd\crres\Crres_database\Crres_poynting_excel3b.xls --> gilbert /users/paulm/crres2/Crres_database Crres_poynting_excel3b.xls
2002.08.19 15:33 B C:\paul\Phd\crres\Crres_database\Crres_poynting_excel3b2.xls --> gilbert /users/paulm/crres2/Crres_database Crres_poynting_excel3b2.xls
2002.08.19 15:33 B C:\paul\Phd\crres\Crres_database\Crres_poynting_excel3b_23July2002.xls --> gilbert /users/paulm/crres2/Crres_database Crres_poynting_excel3b_23July2002.xls
2002.08.19 15:33 B C:\paul\Phd\crres\Crres_database\Crres_poynting_excel3b_Pc5B.xls --> gilbert /users/paulm/crres2/Crres_database Crres_poynting_excel3b_Pc5B.xls
2002.08.19 15:33 B C:\paul\Phd\crres\Crres_database\Crres_poynting_excel3c.xls --> gilbert /users/paulm/crres2/Crres_database Crres_poynting_excel3c.xls
2002.08.19 15:33 B C:\paul\Phd\crres\Crres_database\Crres_poynting_excel4.xls --> gilbert /users/paulm/crres2/Crres_database Crres_poynting_excel4.xls
2002.08.19 15:33 B C:\paul\Phd\crres\Crres_database\merged_Son_Paul.xls --> gilbert /users/paulm/crres2/Crres_database merged_Son_Paul.xls
2002.08.19 15:33 B C:\paul\Phd\crres\Crres_database\WS_FTP.LOG --> gilbert /users/paulm/crres2/Crres_database WS_FTP.LOG
2002.08.19 17:46 B C:\paul\Phd\crres\Crres_database\Crres_poynting_excel3_final.xls --> gilbert /users/paulm/crres3/Crres_database Crres_poynting_excel3_final.xls
2002.08.19 17:46 B C:\paul\Phd\crres\Crres_database\Crres_poynting_excel3_final_working.xls --> gilbert /users/paulm/crres3/Crres_database Crres_poynting_excel3_final_working.xls
2002.08.19 17:46 B C:\paul\Phd\crres\Crres_database\Crres_poynting_excel3_final_working2.xls --> gilbert /users/paulm/crres3/Crres_database Crres_poynting_excel3_final_working2.xls
2002.08.19 17:46 B C:\paul\Phd\crres\Crres_database\WS_FTP.LOG --> gilbert /users/paulm/crres3/Crres_database WS_FTP.LOG
2002.08.20 14:03 B C:\paul\Phd\crres\Crres_database\Crres_poynting_excel3_final_working4.xls <-- gilbert /users/paulm/crres3/Crres_database Crres_poynting_excel3_final_working4.xls
2002.08.20 18:53 B C:\paul\Phd\crres\Crres_database\all_mlats_substract.xls --> gilbert /users/paulm/crres3/Crres_database all_mlats_substract.xls
2002.08.20 18:53 B C:\paul\Phd\crres\Crres_database\Crres_poynting_excel3_final_working4.xls --> gilbert /users/paulm/crres3/Crres_database Crres_poynting_excel3_final_working4.xls
2002.08.20 18:53 B C:\paul\Phd\crres\Crres_database\results.ppt --> gilbert /users/paulm/crres3/Crres_database results.ppt
2002.08.21 14:08 B C:\paul\Phd\crres\Crres_database\Crres_poynting_excel3_final_working4.xls <-- gilbert /users/paulm/crres3/Crres_database Crres_poynting_excel3_final_working4.xls
2002.08.21 18:39 B C:\paul\Phd\crres\Crres_database\Crres_poynting_excel3_final_working4.xls --> gilbert /users/paulm/crres3/Crres_database Crres_poynting_excel3_final_working4.xls
2002.09.05 18:40 B C:\paul\Phd\crres\Crres_database\all_mlats_substract.xls --> gilbert /users/paulm/crres2/Crres_database all_mlats_substract.xls
2002.09.05 18:40 B C:\paul\Phd\crres\Crres_database\Crres_poynting_excel3_final.xls --> gilbert /users/paulm/crres2/Crres_database Crres_poynting_excel3_final.xls
2002.09.05 18:40 B C:\paul\Phd\crres\Crres_database\Crres_poynting_excel3_final_working.xls --> gilbert /users/paulm/crres2/Crres_database Crres_poynting_excel3_final_working.xls
2002.09.05 18:40 B C:\paul\Phd\crres\Crres_database\Crres_poynting_excel3_final_working2.xls --> gilbert /users/paulm/crres2/Crres_database Crres_poynting_excel3_final_working2.xls
2002.09.05 18:40 B C:\paul\Phd\crres\Crres_database\Crres_poynting_excel3_final_working4.xls --> gilbert /users/paulm/crres2/Crres_database Crres_poynting_excel3_final_working4.xls
2002.09.05 18:40 B C:\paul\Phd\crres\Crres_database\results.ppt --> gilbert /users/paulm/crres2/Crres_database results.ppt
2002.09.05 18:40 B C:\paul\Phd\crres\Crres_database\WS_FTP.LOG --> gilbert /users/paulm/crres2/Crres_database WS_FTP.LOG
2002.09.09 15:46 B C:\paul\Phd\crres\Crres_database\all_mlt_ut.xls --> gilbert /users/paulm/crres3/Crres_database all_mlt_ut.xls
2002.09.12 16:47 B C:\paul\Phd\crres\Crres_database\xy_plots.bak <-- alfven /users/paulm/crres/Crres_database xy_plots.bak
2002.09.12 16:47 B C:\paul\Phd\crres\Crres_database\xy_plots.pro <-- alfven /users/paulm/crres/Crres_database xy_plots.pro
2002.09.12 16:47 B C:\paul\Phd\crres\Crres_database\xy_plots2.bak <-- alfven /users/paulm/crres/Crres_database xy_plots2.bak
2002.09.12 16:47 B C:\paul\Phd\crres\Crres_database\xy_plots2.pro <-- alfven /users/paulm/crres/Crres_database xy_plots2.pro
2002.09.12 16:47 B C:\paul\Phd\crres\Crres_database\xy_plots3.bak <-- alfven /users/paulm/crres/Crres_database xy_plots3.bak
2002.09.12 16:47 B C:\paul\Phd\crres\Crres_database\xy_plots3.pro <-- alfven /users/paulm/crres/Crres_database xy_plots3.pro
2002.09.12 16:47 B C:\paul\Phd\crres\Crres_database\xy_plots3_ps.bak <-- alfven /users/paulm/crres/Crres_database xy_plots3_ps.bak
2002.09.12 16:47 B C:\paul\Phd\crres\Crres_database\xy_plots3_ps.pro <-- alfven /users/paulm/crres/Crres_database xy_plots3_ps.pro
2002.09.12 16:47 B C:\paul\Phd\crres\Crres_database\xy_plots4.bak <-- alfven /users/paulm/crres/Crres_database xy_plots4.bak
2002.09.12 16:47 B C:\paul\Phd\crres\Crres_database\xy_plots4.pro <-- alfven /users/paulm/crres/Crres_database xy_plots4.pro
2002.09.12 16:47 B C:\paul\Phd\crres\Crres_database\xy_plots4_ps.bak <-- alfven /users/paulm/crres/Crres_database xy_plots4_ps.bak
2002.09.12 16:47 B C:\paul\Phd\crres\Crres_database\xy_plots4_ps.pro <-- alfven /users/paulm/crres/Crres_database xy_plots4_ps.pro
2002.09.12 17:22 B C:\paul\Phd\crres\Crres_database\all_Lshells.htm --> gilbert /users/paulm/crres3/Crres_database all_Lshells.htm
2002.09.12 17:22 B C:\paul\Phd\crres\Crres_database\all_mlt_ut.xls --> gilbert /users/paulm/crres3/Crres_database all_mlt_ut.xls
2002.09.12 17:22 B C:\paul\Phd\crres\Crres_database\Crres_poynting_excel3_final_working2.xls --> gilbert /users/paulm/crres3/Crres_database Crres_poynting_excel3_final_working2.xls
2002.09.12 17:22 B C:\paul\Phd\crres\Crres_database\Crres_poynting_excel3_final_working4.xls --> gilbert /users/paulm/crres3/Crres_database Crres_poynting_excel3_final_working4.xls
2002.09.12 17:22 B C:\paul\Phd\crres\Crres_database\lshell_all_idl.ps --> gilbert /users/paulm/crres3/Crres_database lshell_all_idl.ps
2002.09.12 17:22 B C:\paul\Phd\crres\Crres_database\mlat_all_idl.ps --> gilbert /users/paulm/crres3/Crres_database mlat_all_idl.ps
2002.09.12 17:22 B C:\paul\Phd\crres\Crres_database\Poynt_mlat_aboveHe_idl.ps --> gilbert /users/paulm/crres3/Crres_database Poynt_mlat_aboveHe_idl.ps
2002.09.12 17:22 B C:\paul\Phd\crres\Crres_database\Poynt_mlat_all_idl.ps --> gilbert /users/paulm/crres3/Crres_database Poynt_mlat_all_idl.ps
2002.09.12 17:22 B C:\paul\Phd\crres\Crres_database\Poynt_mlat_belowHe_idl.ps --> gilbert /users/paulm/crres3/Crres_database Poynt_mlat_belowHe_idl.ps
2002.09.12 17:22 B C:\paul\Phd\crres\Crres_database\WS_FTP.LOG --> gilbert /users/paulm/crres3/Crres_database WS_FTP.LOG
2002.09.12 17:22 B C:\paul\Phd\crres\Crres_database\xy_plots.bak --> gilbert /users/paulm/crres3/Crres_database xy_plots.bak
2002.09.12 17:22 B C:\paul\Phd\crres\Crres_database\xy_plots.pro --> gilbert /users/paulm/crres3/Crres_database xy_plots.pro
2002.09.12 17:22 B C:\paul\Phd\crres\Crres_database\xy_plots2.bak --> gilbert /users/paulm/crres3/Crres_database xy_plots2.bak
2002.09.12 17:22 B C:\paul\Phd\crres\Crres_database\xy_plots2.pro --> gilbert /users/paulm/crres3/Crres_database xy_plots2.pro
2002.09.12 17:22 B C:\paul\Phd\crres\Crres_database\xy_plots3.bak --> gilbert /users/paulm/crres3/Crres_database xy_plots3.bak
2002.09.12 17:22 B C:\paul\Phd\crres\Crres_database\xy_plots3.pro --> gilbert /users/paulm/crres3/Crres_database xy_plots3.pro
2002.09.12 17:22 B C:\paul\Phd\crres\Crres_database\xy_plots3_ps.bak --> gilbert /users/paulm/crres3/Crres_database xy_plots3_ps.bak
2002.09.12 17:22 B C:\paul\Phd\crres\Crres_database\xy_plots3_ps.pro --> gilbert /users/paulm/crres3/Crres_database xy_plots3_ps.pro
2002.09.12 17:22 B C:\paul\Phd\crres\Crres_database\xy_plots4.bak --> gilbert /users/paulm/crres3/Crres_database xy_plots4.bak
2002.09.12 17:22 B C:\paul\Phd\crres\Crres_database\xy_plots4.pro --> gilbert /users/paulm/crres3/Crres_database xy_plots4.pro
2002.09.12 17:22 B C:\paul\Phd\crres\Crres_database\xy_plots4_ps.bak --> gilbert /users/paulm/crres3/Crres_database xy_plots4_ps.bak
2002.09.12 17:22 B C:\paul\Phd\crres\Crres_database\xy_plots4_ps.pro --> gilbert /users/paulm/crres3/Crres_database xy_plots4_ps.pro
