2002.08.21 18:39 B C:\paul\Phd\crres\data\orb926_1120_1450cdpdBxy.pdf --> gilbert /users/paulm/crres3/data orb926_1120_1450cdpdBxy.pdf
2002.08.21 18:39 B C:\paul\Phd\crres\data\orb926_1120_1450cdpE.pdf --> gilbert /users/paulm/crres3/data orb926_1120_1450cdpE.pdf
2002.08.21 18:39 B C:\paul\Phd\crres\data\orb926_1120_1450cdpS.pdf --> gilbert /users/paulm/crres3/data orb926_1120_1450cdpS.pdf
2002.08.21 18:39 B C:\paul\Phd\crres\data\orb926_1120_1450cdpZ.pdf --> gilbert /users/paulm/crres3/data orb926_1120_1450cdpZ.pdf
2002.08.21 18:41 B C:\paul\Phd\crres\data\orb926_1120_1450cdpdB.ps --> gilbert /users/paulm/crres3/data orb926_1120_1450cdpdB.ps
2002.08.27 12:01 B C:\paul\Phd\crres\data\orb926_1120_1450cdpE.pdf --> gilbert /users/paulm/crres3/data orb926_1120_1450cdpE.pdf
2002.08.27 12:02 B C:\paul\Phd\crres\data\orb926_1120_1450cdpdB.pdf --> gilbert /users/paulm/crres3/data orb926_1120_1450cdpdB.pdf
2002.09.03 14:35 B C:\paul\Phd\crres\data\orb926_1120_1450cdpS.pdf --> gilbert /users/paulm/crres3/Phd_papers orb926_1120_1450cdpS.pdf
2002.09.03 14:35 B C:\paul\Phd\crres\data\orb926_1120_1450cdpZ.pdf --> gilbert /users/paulm/crres3/Phd_papers orb926_1120_1450cdpZ.pdf
2002.09.03 14:40 B C:\paul\Phd\crres\data\orb926_1120_1450cPc5dB.pdf --> gilbert /users/paulm/crres3/Phd_papers orb926_1120_1450cPc5dB.pdf
2002.09.05 18:40 B C:\paul\Phd\crres\data\orb1043_1810_1950dpZ.pdf --> gilbert /users/paulm/crres2/data/data orb1043_1810_1950dpZ.pdf
2002.09.05 18:40 B C:\paul\Phd\crres\data\orb512_0230_0244Pc5power.pdf --> gilbert /users/paulm/crres2/data/data orb512_0230_0244Pc5power.pdf
2002.09.05 18:40 B C:\paul\Phd\crres\data\orb866_2000_2030dpdBxy.ps --> gilbert /users/paulm/crres2/data/data orb866_2000_2030dpdBxy.ps
2002.09.05 18:40 B C:\paul\Phd\crres\data\orb866_2030_2100dpdBxy.ps --> gilbert /users/paulm/crres2/data/data orb866_2030_2100dpdBxy.ps
2002.09.05 18:40 B C:\paul\Phd\crres\data\orb926_1120_1450cdB.ps --> gilbert /users/paulm/crres2/data/data orb926_1120_1450cdB.ps
2002.09.05 18:40 B C:\paul\Phd\crres\data\orb926_1120_1450cdBz.ps --> gilbert /users/paulm/crres2/data/data orb926_1120_1450cdBz.ps
2002.09.05 18:40 B C:\paul\Phd\crres\data\orb926_1120_1450cdpdB.pdf --> gilbert /users/paulm/crres2/data/data orb926_1120_1450cdpdB.pdf
2002.09.05 18:40 B C:\paul\Phd\crres\data\orb926_1120_1450cdpdB.ps --> gilbert /users/paulm/crres2/data/data orb926_1120_1450cdpdB.ps
2002.09.05 18:40 B C:\paul\Phd\crres\data\orb926_1120_1450cdpdBx.ps --> gilbert /users/paulm/crres2/data/data orb926_1120_1450cdpdBx.ps
2002.09.05 18:40 B C:\paul\Phd\crres\data\orb926_1120_1450cdpdBx2.ps --> gilbert /users/paulm/crres2/data/data orb926_1120_1450cdpdBx2.ps
2002.09.05 18:40 B C:\paul\Phd\crres\data\orb926_1120_1450cdpdBx3.ps --> gilbert /users/paulm/crres2/data/data orb926_1120_1450cdpdBx3.ps
2002.09.05 18:40 B C:\paul\Phd\crres\data\orb926_1120_1450cdpdBxy.pdf --> gilbert /users/paulm/crres2/data/data orb926_1120_1450cdpdBxy.pdf
2002.09.05 18:40 B C:\paul\Phd\crres\data\orb926_1120_1450cdpdBxy.ps --> gilbert /users/paulm/crres2/data/data orb926_1120_1450cdpdBxy.ps
2002.09.05 18:40 B C:\paul\Phd\crres\data\orb926_1120_1450cdpE.pdf --> gilbert /users/paulm/crres2/data/data orb926_1120_1450cdpE.pdf
2002.09.05 18:40 B C:\paul\Phd\crres\data\orb926_1120_1450cdpE.ps --> gilbert /users/paulm/crres2/data/data orb926_1120_1450cdpE.ps
2002.09.05 18:40 B C:\paul\Phd\crres\data\orb926_1120_1450cdpS.pdf --> gilbert /users/paulm/crres2/data/data orb926_1120_1450cdpS.pdf
2002.09.05 18:40 B C:\paul\Phd\crres\data\orb926_1120_1450cdpS.ps --> gilbert /users/paulm/crres2/data/data orb926_1120_1450cdpS.ps
2002.09.05 18:40 B C:\paul\Phd\crres\data\orb926_1120_1450cdpZ.pdf --> gilbert /users/paulm/crres2/data/data orb926_1120_1450cdpZ.pdf
2002.09.05 18:40 B C:\paul\Phd\crres\data\orb926_1120_1450cdpZ.ps --> gilbert /users/paulm/crres2/data/data orb926_1120_1450cdpZ.ps
2002.09.05 18:40 B C:\paul\Phd\crres\data\orb926_1120_1450cE.ps --> gilbert /users/paulm/crres2/data/data orb926_1120_1450cE.ps
2002.09.05 18:40 B C:\paul\Phd\crres\data\orb926_1120_1450cEx.ps --> gilbert /users/paulm/crres2/data/data orb926_1120_1450cEx.ps
2002.09.05 18:40 B C:\paul\Phd\crres\data\orb926_1120_1450cPc5dB.pdf --> gilbert /users/paulm/crres2/data/data orb926_1120_1450cPc5dB.pdf
2002.09.05 18:40 B C:\paul\Phd\crres\data\orb926_1120_1450cPc5dB.ps --> gilbert /users/paulm/crres2/data/data orb926_1120_1450cPc5dB.ps
2002.09.05 18:40 B C:\paul\Phd\crres\data\orb961_1510_1540dpZ.pdf --> gilbert /users/paulm/crres2/data/data orb961_1510_1540dpZ.pdf
2002.09.05 18:40 B C:\paul\Phd\crres\data\orb962_2345_2520dpZ.pdf --> gilbert /users/paulm/crres2/data/data orb962_2345_2520dpZ.pdf
2002.09.05 18:40 B C:\paul\Phd\crres\data\orb968_1435_1520dpdBxy.pdf --> gilbert /users/paulm/crres2/data/data orb968_1435_1520dpdBxy.pdf
