101.01.12 18:54 B C:\paul\Phd\crres\fftPoynt\Orb115_0735_0749_Jan12EBFAc.val --> alfven.newcastle.edu.au /users/public/paul Orb115_0735_0749_Jan12EBFAc.val
101.01.12 18:55 B C:\paul\Phd\crres\fftPoynt\orb115_0735_0749_0.5HzHigh_2.0HzLow.ps --> alfven.newcastle.edu.au /users/public/paul orb115_0735_0749_0.5HzHigh_2.0HzLow.ps
101.01.12 19:08 B C:\paul\Phd\crres\fftPoynt\dBx.txt --> alfven.newcastle.edu.au /users/public/paul dBx.txt
101.01.12 19:08 B C:\paul\Phd\crres\fftPoynt\dBy.txt --> alfven.newcastle.edu.au /users/public/paul dBy.txt
101.01.12 19:08 B C:\paul\Phd\crres\fftPoynt\dBz.txt --> alfven.newcastle.edu.au /users/public/paul dBz.txt
101.01.12 19:08 B C:\paul\Phd\crres\fftPoynt\Ex.txt --> alfven.newcastle.edu.au /users/public/paul Ex.txt
101.01.12 19:08 B C:\paul\Phd\crres\fftPoynt\Ey.txt --> alfven.newcastle.edu.au /users/public/paul Ey.txt
101.01.12 19:08 B C:\paul\Phd\crres\fftPoynt\Ez.txt --> alfven.newcastle.edu.au /users/public/paul Ez.txt
101.06.07 18:08 B c:\paul\Phd\crres\fftPoynt\BUTTERN.PRO --> gilbert.newcastle.edu.au /users/paulm/crres/fftPoynt BUTTERN.PRO
101.06.07 18:08 B c:\paul\Phd\crres\fftPoynt\CRPOINTN.PRO --> gilbert.newcastle.edu.au /users/paulm/crres/fftPoynt CRPOINTN.PRO
101.06.07 18:08 B c:\paul\Phd\crres\fftPoynt\dBx.txt --> gilbert.newcastle.edu.au /users/paulm/crres/fftPoynt dBx.txt
101.06.07 18:08 B c:\paul\Phd\crres\fftPoynt\dBy.txt --> gilbert.newcastle.edu.au /users/paulm/crres/fftPoynt dBy.txt
101.06.07 18:08 B c:\paul\Phd\crres\fftPoynt\dBz.txt --> gilbert.newcastle.edu.au /users/paulm/crres/fftPoynt dBz.txt
101.06.07 18:08 B c:\paul\Phd\crres\fftPoynt\DCSPANLN.PRO --> gilbert.newcastle.edu.au /users/paulm/crres/fftPoynt DCSPANLN.PRO
101.06.07 18:08 B c:\paul\Phd\crres\fftPoynt\Detrend.pro --> gilbert.newcastle.edu.au /users/paulm/crres/fftPoynt Detrend.pro
101.06.07 18:08 B c:\paul\Phd\crres\fftPoynt\DIGIPIC.PRO --> gilbert.newcastle.edu.au /users/paulm/crres/fftPoynt DIGIPIC.PRO
101.06.07 18:08 B c:\paul\Phd\crres\fftPoynt\Doinbw.pro --> gilbert.newcastle.edu.au /users/paulm/crres/fftPoynt Doinbw.pro
101.06.07 18:08 B c:\paul\Phd\crres\fftPoynt\dpflux.pro --> gilbert.newcastle.edu.au /users/paulm/crres/fftPoynt dpflux.pro
101.06.07 18:08 B c:\paul\Phd\crres\fftPoynt\dpflux2.pro --> gilbert.newcastle.edu.au /users/paulm/crres/fftPoynt dpflux2.pro
101.06.07 18:08 B c:\paul\Phd\crres\fftPoynt\DPOWN.PRO --> gilbert.newcastle.edu.au /users/paulm/crres/fftPoynt DPOWN.PRO
101.06.07 18:08 B c:\paul\Phd\crres\fftPoynt\DPPOW.PRO --> gilbert.newcastle.edu.au /users/paulm/crres/fftPoynt DPPOW.PRO
101.06.07 18:08 B c:\paul\Phd\crres\fftPoynt\DTREND.PRO --> gilbert.newcastle.edu.au /users/paulm/crres/fftPoynt DTREND.PRO
101.06.07 18:08 B c:\paul\Phd\crres\fftPoynt\DYNTV.PRO --> gilbert.newcastle.edu.au /users/paulm/crres/fftPoynt DYNTV.PRO
101.06.07 18:08 B c:\paul\Phd\crres\fftPoynt\DYNTV1.PRO --> gilbert.newcastle.edu.au /users/paulm/crres/fftPoynt DYNTV1.PRO
101.06.07 18:08 B c:\paul\Phd\crres\fftPoynt\DYNTVFF.PRO --> gilbert.newcastle.edu.au /users/paulm/crres/fftPoynt DYNTVFF.PRO
101.06.07 18:08 B c:\paul\Phd\crres\fftPoynt\DYNTVJCS.PRO --> gilbert.newcastle.edu.au /users/paulm/crres/fftPoynt DYNTVJCS.PRO
101.06.07 18:08 B c:\paul\Phd\crres\fftPoynt\EIGWFDIG.PRO --> gilbert.newcastle.edu.au /users/paulm/crres/fftPoynt EIGWFDIG.PRO
101.06.07 18:08 B c:\paul\Phd\crres\fftPoynt\Ex.txt --> gilbert.newcastle.edu.au /users/paulm/crres/fftPoynt Ex.txt
101.06.07 18:08 B c:\paul\Phd\crres\fftPoynt\Ey.txt --> gilbert.newcastle.edu.au /users/paulm/crres/fftPoynt Ey.txt
101.06.07 18:08 B c:\paul\Phd\crres\fftPoynt\Ez.txt --> gilbert.newcastle.edu.au /users/paulm/crres/fftPoynt Ez.txt
101.06.07 18:08 B c:\paul\Phd\crres\fftPoynt\FFTWIN.PRO --> gilbert.newcastle.edu.au /users/paulm/crres/fftPoynt FFTWIN.PRO
101.06.07 18:08 B c:\paul\Phd\crres\fftPoynt\FFTWINF.PRO --> gilbert.newcastle.edu.au /users/paulm/crres/fftPoynt FFTWINF.PRO
101.06.07 18:08 B c:\paul\Phd\crres\fftPoynt\GDPICPS3.PRO --> gilbert.newcastle.edu.au /users/paulm/crres/fftPoynt GDPICPS3.PRO
101.06.07 18:08 B c:\paul\Phd\crres\fftPoynt\GDPICPS6.PRO --> gilbert.newcastle.edu.au /users/paulm/crres/fftPoynt GDPICPS6.PRO
101.06.07 18:08 B c:\paul\Phd\crres\fftPoynt\GETDATA.PRO --> gilbert.newcastle.edu.au /users/paulm/crres/fftPoynt GETDATA.PRO
101.06.07 18:08 B c:\paul\Phd\crres\fftPoynt\GETPHCOL.PRO --> gilbert.newcastle.edu.au /users/paulm/crres/fftPoynt GETPHCOL.PRO
101.06.07 18:08 B c:\paul\Phd\crres\fftPoynt\GETPHCPS.PRO --> gilbert.newcastle.edu.au /users/paulm/crres/fftPoynt GETPHCPS.PRO
101.06.07 18:08 B c:\paul\Phd\crres\fftPoynt\INTDENS.PRO --> gilbert.newcastle.edu.au /users/paulm/crres/fftPoynt INTDENS.PRO
101.06.07 18:08 B c:\paul\Phd\crres\fftPoynt\LOADCT.PRO --> gilbert.newcastle.edu.au /users/paulm/crres/fftPoynt LOADCT.PRO
101.06.07 18:08 B c:\paul\Phd\crres\fftPoynt\orb115_0735_0749_0.5HzHigh_2.0HzLow.ps --> gilbert.newcastle.edu.au /users/paulm/crres/fftPoynt orb115_0735_0749_0.5HzHigh_2.0HzLow.ps
101.06.07 18:08 B c:\paul\Phd\crres\fftPoynt\Orb115_0735_0749_Jan12EBFAc.val --> gilbert.newcastle.edu.au /users/paulm/crres/fftPoynt Orb115_0735_0749_Jan12EBFAc.val
101.06.07 18:08 B c:\paul\Phd\crres\fftPoynt\orb115_0735_0750_031100.val --> gilbert.newcastle.edu.au /users/paulm/crres/fftPoynt orb115_0735_0750_031100.val
101.06.07 18:08 B c:\paul\Phd\crres\fftPoynt\orb115_0735_0750_031100_1.5HzLow_SEBa.ps --> gilbert.newcastle.edu.au /users/paulm/crres/fftPoynt orb115_0735_0750_031100_1.5HzLow_SEBa.ps
101.06.07 18:08 B c:\paul\Phd\crres\fftPoynt\orb871_2030_2055_0.5HzHigh_011200a.val --> gilbert.newcastle.edu.au /users/paulm/crres/fftPoynt orb871_2030_2055_0.5HzHigh_011200a.val
101.06.07 18:08 B c:\paul\Phd\crres\fftPoynt\orb871_2030_2055_0.5HzHigh_1.0HzLow_011200a.ps --> gilbert.newcastle.edu.au /users/paulm/crres/fftPoynt orb871_2030_2055_0.5HzHigh_1.0HzLow_011200a.ps
101.06.07 18:08 B c:\paul\Phd\crres\fftPoynt\orb871_2030_2055_0.5HzHigh_4.0HzLow_011200a.ps --> gilbert.newcastle.edu.au /users/paulm/crres/fftPoynt orb871_2030_2055_0.5HzHigh_4.0HzLow_011200a.ps
101.06.07 18:08 B c:\paul\Phd\crres\fftPoynt\PCSCALE.PRO --> gilbert.newcastle.edu.au /users/paulm/crres/fftPoynt PCSCALE.PRO
101.06.07 18:08 B c:\paul\Phd\crres\fftPoynt\PICKFILE.PRO --> gilbert.newcastle.edu.au /users/paulm/crres/fftPoynt PICKFILE.PRO
101.06.07 18:08 B c:\paul\Phd\crres\fftPoynt\REGRSS.PRO --> gilbert.newcastle.edu.au /users/paulm/crres/fftPoynt REGRSS.PRO
101.06.07 18:08 B c:\paul\Phd\crres\fftPoynt\SEGFN.PRO --> gilbert.newcastle.edu.au /users/paulm/crres/fftPoynt SEGFN.PRO
